<?xml version="1.0" encoding="UTF-8"?>
<beans xmlns="http://www.springframework.org/schema/beans"
  xmlns:xsi="http://www.w3.org/2001/XMLSchema-instance"
  xsi:schemaLocation="http://www.springframework.org/schema/beans
  http://www.springframework.org/schema/beans/spring-beans-4.2.xsd">

  <bean id="redeliveryPolicy" class="org.apache.activemq.RedeliveryPolicy">
    <property name="maximumRedeliveries" value="1"/>
    <property name="initialRedeliveryDelay" value="100"/>
    <property name="redeliveryDelay" value="100"/>
  </bean>
  <bean id="redeliveryPolicyMap" class="org.apache.activemq.broker.region.policy.RedeliveryPolicyMap">
    <property name="defaultEntry" ref="redeliveryPolicy" />
  </bean>
  <bean id="connectionFactory" class="org.springframework.jms.connection.CachingConnectionFactory">
    <property name="targetConnectionFactory">
      <bean class="org.apache.activemq.ActiveMQConnectionFactory">
        <property name="brokerURL" value="vm://localhost?broker.persistent=false" />
        <property name="redeliveryPolicyMap" ref="redeliveryPolicyMap" />
      </bean>
    </property>
    <property name="sessionCacheSize" value="10"/>
  </bean>

</beans>
