<?xml version="1.0" encoding="UTF-8"?>
<beans xmlns="http://www.springframework.org/schema/beans"
       xmlns:xsi="http://www.w3.org/2001/XMLSchema-instance"
       xsi:schemaLocation="http://www.springframework.org/schema/beans http://www.springframework.org/schema/beans/spring-beans-4.2.xsd">

    <!--
    <bean id="caseReceiptReceiver" class="uk.gov.ons.ctp.response.casesvc.message.impl.CaseReceiptReceiverImpl"/>

    <bean id="caseService" class="uk.gov.ons.ctp.response.casesvc.service.impl.CaseServiceImpl">
    </bean>

    <bean id="unlinkedCaseReceiptService" class="uk.gov.ons.ctp.response.casesvc.service.impl.UnlinkedCaseReceiptServiceImpl">
    </bean>
    -->

</beans>

